1568750285361	mozrunner::runner	INFO	Running command: "/usr/bin/firefox" "-marionette" "-headless" "-foreground" "-no-remote" "-profile" "/tmp/rust_mozprofile.xzdSopQerPsU"
*** You are running in headless mode.
1568750285675	addons.webextension.screenshots@mozilla.org	WARN	Loading extension 'screenshots@mozilla.org': Reading manifest: Invalid extension permission: mozillaAddons
1568750285675	addons.webextension.screenshots@mozilla.org	WARN	Loading extension 'screenshots@mozilla.org': Reading manifest: Invalid extension permission: telemetry
1568750285675	addons.webextension.screenshots@mozilla.org	WARN	Loading extension 'screenshots@mozilla.org': Reading manifest: Invalid extension permission: resource://pdf.js/
1568750285675	addons.webextension.screenshots@mozilla.org	WARN	Loading extension 'screenshots@mozilla.org': Reading manifest: Invalid extension permission: about:reader*
1568750286987	Marionette	INFO	Listening on port 44191
1568750287070	Marionette	WARN	TLS certificate errors will be ignored for this session
JavaScript warning: https://id.starbucks.com/secureauth87/assets/scripts/jquery.js, line 2: Using //@ to indicate sourceMappingURL pragmas is deprecated. Use //# instead
JavaScript warning: https://id.starbucks.com/secureauth87/assets/scripts/jquery.js, line 2: Using //@ to indicate sourceMappingURL pragmas is deprecated. Use //# instead
JavaScript warning: https://id.starbucks.com/secureauth87/assets/scripts/jquery.js, line 2: Using //@ to indicate sourceMappingURL pragmas is deprecated. Use //# instead
JavaScript warning: https://id.starbucks.com/SecureAuth87/scripts/jquery.js, line 2: Using //@ to indicate sourceMappingURL pragmas is deprecated. Use //# instead
JavaScript warning: https://starbucks-wfmr.jdadelivers.com/stash10/Deploy/3rdparty/extjs/4.2.2/ext-all.js?v=c89465f75449e4b8f4c874a91e7b7237, line 18: unreachable code after return statement
JavaScript warning: https://starbucks-wfmr.jdadelivers.com/stash10/Deploy/3rdparty/extjs/4.2.2/ext-all.js?v=c89465f75449e4b8f4c874a91e7b7237, line 18: unreachable code after return statement
console.error: BroadcastService: 
  receivedBroadcastMessage: handler for
  remote-settings/monitor_changes
  threw error:
  Message: Error: Polling for changes failed: http://%(server)s/dummy/blocklist//buckets/monitor/collections/changes/records?_expected=%221568747573748%22 is not a valid URL..
  Stack:
    remoteSettingsFunction/remoteSettings.pollChanges@resource://services-settings/remote-settings.js:201:13

